<?xml version="1.0" encoding="UTF-8"?>
<!-- Generated by org.testng.reporters.JUnitXMLReporter -->
<testsuite hostname="MacBook-Pro-Maria.local" ignored="0" tests="1" failures="1" timestamp="2022-03-21T20:49:04 MSK" time="0.165" errors="0">
  <testcase name="startLabTest" time="0.089" classname="LabTest">
    <failure type="java.lang.IllegalStateException" message="The driver executable must exist: /Users/mariamaksimova/IdeaProjects/tpo3/D:\chromedriver.exe">
      <![CDATA[java.lang.IllegalStateException: The driver executable must exist: /Users/mariamaksimova/IdeaProjects/tpo3/D:\chromedriver.exe
at org.openqa.selenium.internal.Require$FileStateChecker.isFile(Require.java:315)
at org.openqa.selenium.remote.service.DriverService.checkExecutable(DriverService.java:154)
at org.openqa.selenium.remote.service.DriverService.findExecutable(DriverService.java:149)
at org.openqa.selenium.chrome.ChromeDriverService.access$000(ChromeDriverService.java:37)
at org.openqa.selenium.chrome.ChromeDriverService$Builder.findDefaultExecutable(ChromeDriverService.java:222)
at org.openqa.selenium.remote.service.DriverService$Builder.build(DriverService.java:419)
at org.openqa.selenium.chrome.ChromeDriverService.createDefaultService(ChromeDriverService.java:119)
at org.openqa.selenium.chrome.ChromeDriver.<init>(ChromeDriver.java:41)
at LabTest.startLabTest(LabTest.java:17)
at java.util.ArrayList.forEach(ArrayList.java:1259)
... Removed 36 stack frames]]>
    </failure>
  </testcase> <!-- startLabTest -->
</testsuite>
